\BOOKMARK [0][-]{chapter*.1}{\376\377\000R\000e\000m\000e\000r\000c\000i\000e\000m\000e\000n\000t\000s}{}% 1
\BOOKMARK [0][-]{chapter*.5}{\376\377\000I\000n\000t\000r\000o\000d\000u\000c\000t\000i\000o\000n\000\040\000g\000\351\000n\000\351\000r\000a\000l\000e}{}% 2
\BOOKMARK [1][-]{section*.6}{\376\377\000C\000o\000n\000t\000e\000x\000t\000e}{chapter*.5}% 3
\BOOKMARK [1][-]{section*.7}{\376\377\000P\000r\000o\000b\000l\000\351\000m\000a\000t\000i\000q\000u\000e}{chapter*.5}% 4
\BOOKMARK [1][-]{section*.8}{\376\377\000O\000b\000j\000e\000c\000t\000i\000f\000s\000\040\000d\000u\000\040\000p\000r\000o\000j\000e\000t}{chapter*.5}% 5
\BOOKMARK [1][-]{section*.9}{\376\377\000M\000\351\000t\000h\000o\000d\000o\000l\000o\000g\000i\000e\000\040\000g\000\351\000n\000\351\000r\000a\000l\000e}{chapter*.5}% 6
\BOOKMARK [1][-]{section*.17}{\376\377\000O\000r\000g\000a\000n\000i\000s\000a\000t\000i\000o\000n\000\040\000d\000u\000\040\000r\000a\000p\000p\000o\000r\000t}{chapter*.5}% 7
\BOOKMARK [0][-]{chapter*.18}{\376\377\000P\000a\000r\000t\000i\000e\000\040\000I\000\040\000:\000\040\000P\000e\000r\000c\000e\000p\000t\000r\000o\000n\000\040\000M\000u\000l\000t\000i\000c\000o\000u\000c\000h\000e\000\040\000\050\000M\000L\000P\000\051}{}% 8
\BOOKMARK [1][-]{section*.19}{\376\377\000C\000o\000n\000t\000e\000x\000t\000e\000\040\000e\000t\000\040\000j\000e\000u\000\040\000d\000e\000\040\000d\000o\000n\000n\000\351\000e\000s}{chapter*.18}% 9
\BOOKMARK [1][-]{section*.20}{\376\377\000A\000r\000c\000h\000i\000t\000e\000c\000t\000u\000r\000e\000s\000\040\000M\000L\000P}{chapter*.18}% 10
\BOOKMARK [1][-]{section*.21}{\376\377\000I\000m\000p\000a\000c\000t\000\040\000d\000e\000\040\000l\000'\000i\000n\000i\000t\000i\000a\000l\000i\000s\000a\000t\000i\000o\000n\000\040\000d\000e\000s\000\040\000p\000o\000i\000d\000s}{chapter*.18}% 11
\BOOKMARK [1][-]{section*.23}{\376\377\000\311\000v\000a\000l\000u\000a\000t\000i\000o\000n\000\040\000d\000e\000s\000\040\000p\000e\000r\000f\000o\000r\000m\000a\000n\000c\000e\000s}{chapter*.18}% 12
\BOOKMARK [1][-]{section*.26}{\376\377\000D\000i\000s\000c\000u\000s\000s\000i\000o\000n\000\040\000:\000\040\000P\000e\000r\000t\000i\000n\000e\000n\000c\000e\000\040\000e\000t\000\040\000l\000i\000m\000i\000t\000e\000s\000\040\000d\000u\000\040\000M\000L\000P}{chapter*.18}% 13
\BOOKMARK [0][-]{chapter*.27}{\376\377\000P\000a\000r\000t\000i\000e\000\040\000I\000I\000\040\000:\000\040\000R\000\351\000s\000e\000a\000u\000x\000\040\000C\000o\000n\000v\000o\000l\000u\000t\000i\000f\000s\000\040\000\050\000C\000N\000N\000\051}{}% 14
\BOOKMARK [1][-]{section*.28}{\376\377\000C\000o\000n\000t\000e\000x\000t\000e\000\040\000e\000t\000\040\000j\000e\000u\000\040\000d\000e\000\040\000d\000o\000n\000n\000\351\000e\000s}{chapter*.27}% 15
\BOOKMARK [1][-]{section*.29}{\376\377\000C\000o\000m\000p\000r\000\351\000h\000e\000n\000s\000i\000o\000n\000\040\000d\000e\000s\000\040\000o\000p\000\351\000r\000a\000t\000i\000o\000n\000s\000\040\000f\000o\000n\000d\000a\000m\000e\000n\000t\000a\000l\000e\000s}{chapter*.27}% 16
\BOOKMARK [1][-]{section*.30}{\376\377\000A\000r\000c\000h\000i\000t\000e\000c\000t\000u\000r\000e\000\040\000L\000e\000N\000e\000t\0005\000C\000I\000F\000A\000R}{chapter*.27}% 17
\BOOKMARK [1][-]{section*.32}{\376\377\000\311\000t\000u\000d\000e\000\040\000d\000'\000a\000b\000l\000a\000t\000i\000o\000n\000\040\000a\000v\000e\000c\000\040\000F\000l\000e\000x\000i\000b\000l\000e\000C\000N\000N}{chapter*.27}% 18
\BOOKMARK [1][-]{section*.33}{\376\377\000V\000i\000s\000u\000a\000l\000i\000s\000a\000t\000i\000o\000n\000\040\000d\000e\000s\000\040\000C\000a\000r\000t\000e\000s\000\040\000d\000e\000\040\000C\000a\000r\000a\000c\000t\000\351\000r\000i\000s\000t\000i\000q\000u\000e\000s\000\040\000\050\000F\000e\000a\000t\000u\000r\000e\000\040\000M\000a\000p\000s\000\051}{chapter*.27}% 19
\BOOKMARK [0][-]{chapter*.37}{\376\377\000P\000a\000r\000t\000i\000e\000\040\000I\000I\000I\000\040\000:\000\040\000M\000o\000d\000\351\000l\000i\000s\000a\000t\000i\000o\000n\000\040\000d\000e\000\040\000S\000\351\000q\000u\000e\000n\000c\000e\000s}{}% 20
\BOOKMARK [1][-]{section*.38}{\376\377\000C\000o\000n\000t\000e\000x\000t\000e\000\040\000e\000t\000\040\000p\000r\000\351\000p\000a\000r\000a\000t\000i\000o\000n\000\040\000t\000e\000x\000t\000u\000e\000l\000l\000e}{chapter*.37}% 21
\BOOKMARK [1][-]{section*.39}{\376\377\000C\000o\000m\000p\000a\000r\000a\000i\000s\000o\000n\000\040\000s\000t\000r\000u\000c\000t\000u\000r\000e\000l\000l\000e\000\040\000:\000\040\000R\000N\000N\000,\000\040\000L\000S\000T\000M\000,\000\040\000G\000R\000U}{chapter*.37}% 22
\BOOKMARK [1][-]{section*.40}{\376\377\000A\000r\000c\000h\000i\000t\000e\000c\000t\000u\000r\000e\000\040\000S\000e\000q\0002\000S\000e\000q\000\040\000e\000t\000\040\000E\000n\000t\000r\000a\000\356\000n\000e\000m\000e\000n\000t}{chapter*.37}% 23
\BOOKMARK [1][-]{section*.41}{\376\377\000S\000t\000r\000a\000t\000\351\000g\000i\000e\000s\000\040\000d\000e\000\040\000D\000\351\000c\000o\000d\000a\000g\000e\000\040\000e\000t\000\040\000S\000c\000o\000r\000e\000\040\000B\000L\000E\000U}{chapter*.37}% 24
\BOOKMARK [0][-]{chapter*.45}{\376\377\000D\000i\000s\000c\000u\000s\000s\000i\000o\000n\000\040\000t\000r\000a\000n\000s\000v\000e\000r\000s\000a\000l\000e\000\040\000f\000i\000n\000a\000l\000e}{}% 25
\BOOKMARK [0][-]{chapter*.50}{\376\377\000L\000i\000m\000i\000t\000e\000s\000\040\000d\000u\000\040\000t\000r\000a\000v\000a\000i\000l}{}% 26
\BOOKMARK [0][-]{chapter*.51}{\376\377\000C\000o\000n\000c\000l\000u\000s\000i\000o\000n\000\040\000g\000\351\000n\000\351\000r\000a\000l\000e}{}% 27
\BOOKMARK [0][-]{chapter*.52}{\376\377\000A\000n\000n\000e\000x\000e\000s\000\040\000e\000x\000p\000\351\000r\000i\000m\000e\000n\000t\000a\000l\000e\000s}{}% 28
\BOOKMARK [1][-]{section*.53}{\376\377\000C\000o\000m\000m\000a\000n\000d\000e\000s\000\040\000p\000r\000i\000n\000c\000i\000p\000a\000l\000e\000s}{chapter*.52}% 29
\BOOKMARK [1][-]{section*.54}{\376\377\000O\000r\000g\000a\000n\000i\000s\000a\000t\000i\000o\000n\000\040\000d\000e\000s\000\040\000s\000o\000r\000t\000i\000e\000s}{chapter*.52}% 30
\BOOKMARK [1][-]{section*.55}{\376\377\000C\000h\000o\000i\000x\000\040\000d\040\031\000i\000m\000p\000l\000\351\000m\000e\000n\000t\000a\000t\000i\000o\000n}{chapter*.52}% 31
\BOOKMARK [1][-]{section*.56}{\376\377\000R\000e\000m\000a\000r\000q\000u\000e\000\040\000s\000u\000r\000\040\000l\000a\000\040\000r\000e\000p\000r\000o\000d\000u\000c\000t\000i\000b\000i\000l\000i\000t\000\351}{chapter*.52}% 32
